<?xml version="1.0" encoding="UTF-8"?>
<!-- Generated by org.testng.reporters.JUnitXMLReporter -->
<testsuite ignored="1" hostname="QZ-LT-R-CTK-023" failures="0" tests="2" name="Code4ImplementingParameterizationIntoTestsWithTestNGDataProvider" time="119.384" errors="0" timestamp="20 Nov 2024 04:20:09 GMT">
  <testcase classname="End_To_End_SeleniumFramework.Code4ImplementingParameterizationIntoTestsWithTestNGDataProvider" name="submitOrder" time="13.099"/>
  <testcase classname="End_To_End_SeleniumFramework.Code4ImplementingParameterizationIntoTestsWithTestNGDataProvider" name="submitOrder" time="10.312"/>
  <testcase classname="End_To_End_SeleniumFramework.Code4ImplementingParameterizationIntoTestsWithTestNGDataProvider" name="OrderHistory" time="0.0">
    <ignored/>
  </testcase> <!-- OrderHistory -->
</testsuite> <!-- Code4ImplementingParameterizationIntoTestsWithTestNGDataProvider -->
