<?xml version="1.0" encoding="UTF-8"?>
<!-- Generated by org.testng.reporters.JUnitXMLReporter -->
<testsuite ignored="0" hostname="QZ-LT-R-CTK-023" failures="0" tests="2" name="Code3ErrorValidations1" time="31.058" errors="0" timestamp="20 Nov 2024 04:09:38 GMT">
  <testcase classname="End_To_End_SeleniumFramework.Code3ErrorValidations1" name="logInPage" time="0.551"/>
  <testcase classname="End_To_End_SeleniumFramework.Code3ErrorValidations1" name="productCatalog" time="9.705"/>
</testsuite> <!-- Code3ErrorValidations1 -->
