<?xml version="1.0" encoding="UTF-8"?>
<!-- Generated by org.testng.reporters.JUnitXMLReporter -->
<testsuite ignored="1" hostname="QZ-LT-R-CTK-023" failures="1" tests="2" name="Code5HashMapToDataProviderToSendTheDataAsOneHashObject" time="135.876" errors="0" timestamp="20 Nov 2024 04:20:26 GMT">
  <testcase classname="End_To_End_SeleniumFramework.Code5HashMapToDataProviderToSendTheDataAsOneHashObject" name="submitOrder" time="19.815">
    <failure type="java.lang.AssertionError" message="expected [true] but found [false]">
      <![CDATA[java.lang.AssertionError: expected [true] but found [false]
at End_To_End_SeleniumFramework.Code5HashMapToDataProviderToSendTheDataAsOneHashObject.submitOrder(Code5HashMapToDataProviderToSendTheDataAsOneHashObject.java:31)
at java.base/java.util.concurrent.ThreadPoolExecutor.runWorker(ThreadPoolExecutor.java:1144)
at java.base/java.util.concurrent.ThreadPoolExecutor$Worker.run(ThreadPoolExecutor.java:642)
at java.base/java.lang.Thread.run(Thread.java:1583)
... Removed 12 stack frames]]>
    </failure>
  </testcase> <!-- submitOrder -->
  <testcase classname="End_To_End_SeleniumFramework.Code5HashMapToDataProviderToSendTheDataAsOneHashObject" name="submitOrder" time="10.632"/>
  <testcase classname="End_To_End_SeleniumFramework.Code5HashMapToDataProviderToSendTheDataAsOneHashObject" name="OrderHistory" time="0.0">
    <ignored/>
  </testcase> <!-- OrderHistory -->
</testsuite> <!-- Code5HashMapToDataProviderToSendTheDataAsOneHashObject -->
