<?xml version="1.0" encoding="UTF-8"?>
<!-- Generated by org.testng.reporters.JUnitXMLReporter -->
<testsuite ignored="0" hostname="QZ-LT-R-CTK-023" failures="0" tests="2" name="Code3ErrorValidations2" time="21.248" errors="0" timestamp="18 Nov 2024 06:53:13 GMT">
  <testcase classname="End_To_End_SeleniumFramework.Code3ErrorValidations2" name="logInPage" time="0.509"/>
  <testcase classname="End_To_End_SeleniumFramework.Code3ErrorValidations2" name="productCatalog" time="9.536"/>
</testsuite> <!-- Code3ErrorValidations2 -->
