<?xml version="1.0" encoding="UTF-8"?>
<!-- Generated by org.testng.reporters.JUnitXMLReporter -->
<testsuite ignored="1" hostname="QZ-LT-R-CTK-023" failures="0" tests="2" name="Code6ReadTheDataFromJsonFilesAndCreateTheListOfHashMapsForTesting" time="40.799" errors="0" timestamp="20 Nov 2024 04:47:29 GMT">
  <testcase classname="End_To_End_SeleniumFramework.Code6ReadTheDataFromJsonFilesAndCreateTheListOfHashMapsForTesting" name="submitOrder" time="10.063"/>
  <testcase classname="End_To_End_SeleniumFramework.Code6ReadTheDataFromJsonFilesAndCreateTheListOfHashMapsForTesting" name="submitOrder" time="10.396"/>
  <testcase classname="End_To_End_SeleniumFramework.Code6ReadTheDataFromJsonFilesAndCreateTheListOfHashMapsForTesting" name="OrderHistory" time="0.0">
    <ignored/>
  </testcase> <!-- OrderHistory -->
</testsuite> <!-- Code6ReadTheDataFromJsonFilesAndCreateTheListOfHashMapsForTesting -->
