<?xml version="1.0" encoding="UTF-8"?>
<!-- Generated by org.testng.reporters.JUnitXMLReporter -->
<testsuite ignored="0" hostname="QZ-LT-R-CTK-023" failures="0" tests="2" name="Code3ErrorValidations1" time="19.588" errors="0" timestamp="12 Dec 2024 05:28:39 GMT">
  <testcase classname="End_To_End_SeleniumFramework.Code3ErrorValidations1" name="logInPage" time="0.635"/>
  <testcase classname="End_To_End_SeleniumFramework.Code3ErrorValidations1" name="productCatalog" time="10.144"/>
</testsuite> <!-- Code3ErrorValidations1 -->
