<?xml version="1.0" encoding="UTF-8"?>
<!-- Generated by org.testng.reporters.JUnitXMLReporter -->
<testsuite ignored="1" hostname="QZ-LT-R-CTK-023" failures="0" tests="2" name="Code4ImplementingParameterizationIntoTestsWithTestNGDataProvider" time="153.211" errors="0" timestamp="20 Nov 2024 07:33:27 GMT">
  <testcase classname="End_To_End_SeleniumFramework.Code4ImplementingParameterizationIntoTestsWithTestNGDataProvider" name="submitOrder" time="11.018"/>
  <testcase classname="End_To_End_SeleniumFramework.Code4ImplementingParameterizationIntoTestsWithTestNGDataProvider" name="submitOrder" time="11.869"/>
  <testcase classname="End_To_End_SeleniumFramework.Code4ImplementingParameterizationIntoTestsWithTestNGDataProvider" name="OrderHistory" time="0.0">
    <ignored/>
  </testcase> <!-- OrderHistory -->
</testsuite> <!-- Code4ImplementingParameterizationIntoTestsWithTestNGDataProvider -->
