<?xml version="1.0" encoding="UTF-8"?>
<!-- Generated by org.testng.reporters.JUnitXMLReporter -->
<testsuite ignored="0" hostname="QZ-LT-R-CTK-023" failures="0" tests="2" name="Code2SubmitOrderTest2" time="30.905" errors="0" timestamp="20 Nov 2024 05:14:00 GMT">
  <testcase classname="End_To_End_SeleniumFramework.Code2SubmitOrderTest2" name="submitOrder" time="11.429"/>
  <testcase classname="End_To_End_SeleniumFramework.Code2SubmitOrderTest2" name="OrderHistory" time="0.689"/>
</testsuite> <!-- Code2SubmitOrderTest2 -->
