<?xml version="1.0" encoding="UTF-8"?>
<testng-results ignored="0" total="3" passed="3" failed="0" skipped="0">
  <reporter-output>
  </reporter-output>
  <suite started-at="2024-12-12T05:27:58Z" name="Suite" finished-at="2024-12-12T05:28:39Z" duration-ms="40455">
    <groups>
    </groups>
    <test started-at="2024-12-12T05:27:58Z" name="Code2SubmitOrderTest1" finished-at="2024-12-12T05:28:19Z" duration-ms="20768">
      <class name="End_To_End_SeleniumFramework.Code2SubmitOrderTest1">
        <test-method is-config="true" signature="launchApplication()[pri:0, instance:End_To_End_SeleniumFramework.Code2SubmitOrderTest1@7bd7d6d6]" started-at="2024-12-12T05:27:58Z" name="launchApplication" finished-at="2024-12-12T05:28:06Z" duration-ms="8051" status="PASS">
          <reporter-output>
          </reporter-output>
        </test-method> <!-- launchApplication -->
        <test-method signature="submitOrder()[pri:0, instance:End_To_End_SeleniumFramework.Code2SubmitOrderTest1@7bd7d6d6]" started-at="2024-12-12T05:28:06Z" name="submitOrder" finished-at="2024-12-12T05:28:19Z" duration-ms="12602" status="PASS">
          <reporter-output>
          </reporter-output>
        </test-method> <!-- submitOrder -->
        <test-method is-config="true" signature="tearDown()[pri:0, instance:End_To_End_SeleniumFramework.Code2SubmitOrderTest1@7bd7d6d6]" started-at="2024-12-12T05:28:19Z" name="tearDown" finished-at="2024-12-12T05:28:19Z" duration-ms="95" status="PASS">
          <reporter-output>
          </reporter-output>
        </test-method> <!-- tearDown -->
      </class> <!-- End_To_End_SeleniumFramework.Code2SubmitOrderTest1 -->
    </test> <!-- Code2SubmitOrderTest1 -->
    <test started-at="2024-12-12T05:28:19Z" name="Code3ErrorValidations1" finished-at="2024-12-12T05:28:39Z" duration-ms="19588">
      <class name="End_To_End_SeleniumFramework.Code3ErrorValidations1">
        <test-method is-config="true" signature="launchApplication()[pri:0, instance:End_To_End_SeleniumFramework.Code3ErrorValidations1@dc7df28]" started-at="2024-12-12T05:28:19Z" name="launchApplication" finished-at="2024-12-12T05:28:23Z" duration-ms="4365" status="PASS">
          <reporter-output>
          </reporter-output>
        </test-method> <!-- launchApplication -->
        <test-method signature="logInPage()[pri:0, instance:End_To_End_SeleniumFramework.Code3ErrorValidations1@dc7df28]" started-at="2024-12-12T05:28:23Z" name="logInPage" finished-at="2024-12-12T05:28:24Z" duration-ms="635" status="PASS">
          <reporter-output>
          </reporter-output>
        </test-method> <!-- logInPage -->
        <test-method is-config="true" signature="tearDown()[pri:0, instance:End_To_End_SeleniumFramework.Code3ErrorValidations1@dc7df28]" started-at="2024-12-12T05:28:24Z" name="tearDown" finished-at="2024-12-12T05:28:24Z" duration-ms="67" status="PASS">
          <reporter-output>
          </reporter-output>
        </test-method> <!-- tearDown -->
        <test-method is-config="true" signature="launchApplication()[pri:0, instance:End_To_End_SeleniumFramework.Code3ErrorValidations1@dc7df28]" started-at="2024-12-12T05:28:24Z" name="launchApplication" finished-at="2024-12-12T05:28:28Z" duration-ms="4277" status="PASS">
          <reporter-output>
          </reporter-output>
        </test-method> <!-- launchApplication -->
        <test-method signature="productCatalog()[pri:0, instance:End_To_End_SeleniumFramework.Code3ErrorValidations1@dc7df28]" started-at="2024-12-12T05:28:28Z" name="productCatalog" finished-at="2024-12-12T05:28:39Z" duration-ms="10144" status="PASS">
          <reporter-output>
          </reporter-output>
        </test-method> <!-- productCatalog -->
        <test-method is-config="true" signature="tearDown()[pri:0, instance:End_To_End_SeleniumFramework.Code3ErrorValidations1@dc7df28]" started-at="2024-12-12T05:28:39Z" name="tearDown" finished-at="2024-12-12T05:28:39Z" duration-ms="100" status="PASS">
          <reporter-output>
          </reporter-output>
        </test-method> <!-- tearDown -->
      </class> <!-- End_To_End_SeleniumFramework.Code3ErrorValidations1 -->
    </test> <!-- Code3ErrorValidations1 -->
  </suite> <!-- Suite -->
</testng-results>
